<?xml version="1.0" encoding="UTF-8"?>
<testsuite xmlns:xsi="http://www.w3.org/2001/XMLSchema-instance" xsi:noNamespaceSchemaLocation="https://maven.apache.org/surefire/maven-surefire-plugin/xsd/surefire-test-report.xsd" name="kr.ajousw.AppTest" time="0.028" tests="1" errors="0" skipped="0" failures="0">
  <properties>
    <property name="java.specification.version" value="18"/>
    <property name="sun.jnu.encoding" value="UTF-8"/>
    <property name="java.class.path" value="/home/elcane2/workspace/Practical_Coding/maven/helloworld/target/test-classes:/home/elcane2/workspace/Practical_Coding/maven/helloworld/target/classes:/home/elcane2/.m2/repository/junit/junit/4.11/junit-4.11.jar:/home/elcane2/.m2/repository/org/hamcrest/hamcrest-core/1.3/hamcrest-core-1.3.jar:"/>
    <property name="java.vm.vendor" value="Oracle Corporation"/>
    <property name="sun.arch.data.model" value="64"/>
    <property name="java.vendor.url" value="https://java.oracle.com/"/>
    <property name="os.name" value="Linux"/>
    <property name="java.vm.specification.version" value="18"/>
    <property name="sun.java.launcher" value="SUN_STANDARD"/>
    <property name="user.country" value="KR"/>
    <property name="sun.boot.library.path" value="/usr/lib/jvm/jdk-18.0.2/lib"/>
    <property name="sun.java.command" value="/home/elcane2/workspace/Practical_Coding/maven/helloworld/target/surefire/surefirebooter13236371084742136095.jar /home/elcane2/workspace/Practical_Coding/maven/helloworld/target/surefire 2024-03-20T18-40-31_053-jvmRun1 surefire6196469544865171563tmp surefire_05506831748572203431tmp"/>
    <property name="jdk.debug" value="release"/>
    <property name="surefire.test.class.path" value="/home/elcane2/workspace/Practical_Coding/maven/helloworld/target/test-classes:/home/elcane2/workspace/Practical_Coding/maven/helloworld/target/classes:/home/elcane2/.m2/repository/junit/junit/4.11/junit-4.11.jar:/home/elcane2/.m2/repository/org/hamcrest/hamcrest-core/1.3/hamcrest-core-1.3.jar:"/>
    <property name="sun.cpu.endian" value="little"/>
    <property name="user.home" value="/home/elcane2"/>
    <property name="user.language" value="ko"/>
    <property name="java.specification.vendor" value="Oracle Corporation"/>
    <property name="java.version.date" value="2022-07-19"/>
    <property name="java.home" value="/usr/lib/jvm/jdk-18.0.2"/>
    <property name="file.separator" value="/"/>
    <property name="basedir" value="/home/elcane2/workspace/Practical_Coding/maven/helloworld"/>
    <property name="java.vm.compressedOopsMode" value="Zero based"/>
    <property name="line.separator" value="&#10;"/>
    <property name="java.vm.specification.vendor" value="Oracle Corporation"/>
    <property name="java.specification.name" value="Java Platform API Specification"/>
    <property name="surefire.real.class.path" value="/home/elcane2/workspace/Practical_Coding/maven/helloworld/target/surefire/surefirebooter13236371084742136095.jar"/>
    <property name="sun.management.compiler" value="HotSpot 64-Bit Tiered Compilers"/>
    <property name="java.runtime.version" value="18.0.2+9-61"/>
    <property name="user.name" value="elcane2"/>
    <property name="path.separator" value=":"/>
    <property name="os.version" value="5.15.0-91-generic"/>
    <property name="java.runtime.name" value="OpenJDK Runtime Environment"/>
    <property name="file.encoding" value="UTF-8"/>
    <property name="java.vm.name" value="OpenJDK 64-Bit Server VM"/>
    <property name="localRepository" value="/home/elcane2/.m2/repository"/>
    <property name="java.vendor.url.bug" value="https://bugreport.java.com/bugreport/"/>
    <property name="java.io.tmpdir" value="/tmp"/>
    <property name="java.version" value="18.0.2"/>
    <property name="user.dir" value="/home/elcane2/workspace/Practical_Coding/maven/helloworld"/>
    <property name="os.arch" value="amd64"/>
    <property name="java.vm.specification.name" value="Java Virtual Machine Specification"/>
    <property name="native.encoding" value="UTF-8"/>
    <property name="java.library.path" value="/usr/java/packages/lib:/usr/lib64:/lib64:/lib:/usr/lib"/>
    <property name="java.vm.info" value="mixed mode, sharing"/>
    <property name="java.vendor" value="Oracle Corporation"/>
    <property name="java.vm.version" value="18.0.2+9-61"/>
    <property name="sun.io.unicode.encoding" value="UnicodeLittle"/>
    <property name="java.class.version" value="62.0"/>
  </properties>
  <testcase name="shouldAnswerWithTrue" classname="kr.ajousw.AppTest" time="0.002"/>
</testsuite>